<?xml version="1.0" encoding="UTF-8"?>
<!-- Generated by org.testng.reporters.JUnitReportReporter -->
<testsuite hostname="DESKTOP-E75U16J" failures="0" tests="2" name="PagesTest.SigninPageTest" time="5.080" errors="0" timestamp="2022-09-20T20:34:17 EDT" skipped="0">
  <testcase classname="PagesTest.SigninPageTest" name="VerifyloginButton" time="0.700"/>
  <system-out/>
  <testcase classname="PagesTest.SigninPageTest" name="LoginPage" time="4.380"/>
  <system-out/>
</testsuite> <!-- PagesTest.SigninPageTest -->
