<?xml version="1.0" encoding="UTF-8"?>
<!-- Generated by org.testng.reporters.JUnitReportReporter -->
<testsuite hostname="DESKTOP-E75U16J" failures="0" tests="2" name="PagesTest.IneuronSignupPage" time="4.682" errors="0" timestamp="2022-09-20T20:34:17 EDT" skipped="0">
  <testcase classname="PagesTest.IneuronSignupPage" name="VerifySignUpButton" time="0.989"/>
  <system-out/>
  <testcase classname="PagesTest.IneuronSignupPage" name="RegisterNewUserForm" time="3.693"/>
  <system-out/>
</testsuite> <!-- PagesTest.IneuronSignupPage -->
